2017-10-27 18:29:27 25460 [Note] Plugin 'FEDERATED' is disabled.
2017-10-27 18:29:27 25460 [Note] InnoDB: The InnoDB memory heap is disabled
2017-10-27 18:29:27 25460 [Note] InnoDB: Mutexes and rw_locks use Windows interlocked functions
2017-10-27 18:29:27 25460 [Note] InnoDB: Compressed tables use zlib 1.2.3
2017-10-27 18:29:27 25460 [Note] InnoDB: Not using CPU crc32 instructions
2017-10-27 18:29:27 25460 [Note] InnoDB: Initializing buffer pool, size = 128.0M
2017-10-27 18:29:27 25460 [Note] InnoDB: Completed initialization of buffer pool
2017-10-27 18:29:27 25460 [Note] InnoDB: Setting log file F:\OpenSource\UniSharper\UsbWebServer\mysql\data\ib_logfile101 size to 5 MB
2017-10-27 18:29:27 25460 [Note] InnoDB: Setting log file F:\OpenSource\UniSharper\UsbWebServer\mysql\data\ib_logfile1 size to 5 MB
2017-10-27 18:29:27 25460 [Note] InnoDB: Renaming log file F:\OpenSource\UniSharper\UsbWebServer\mysql\data\ib_logfile101 to F:\OpenSource\UniSharper\UsbWebServer\mysql\data\ib_logfile0
2017-10-27 18:29:27 25460 [Warning] InnoDB: New log files created, LSN=1626134
2017-10-27 18:29:27 25460 [Note] InnoDB: Highest supported file format is Barracuda.
2017-10-27 18:29:28 25460 [Note] InnoDB: 128 rollback segment(s) are active.
2017-10-27 18:29:28 25460 [Note] InnoDB: Waiting for purge to start
2017-10-27 18:29:28 25460 [Note] InnoDB: 5.6.13 started; log sequence number 1626636
2017-10-27 18:29:28 25460 [Warning] No existing UUID has been found, so we assume that this is the first time that this server has been started. Generating a new UUID: b611297d-bb01-11e7-9ba1-1c1b0dcc0476.
2017-10-27 18:29:28 25460 [Note] Server hostname (bind-address): '*'; port: 3307
2017-10-27 18:29:28 25460 [Note] IPv6 is available.
2017-10-27 18:29:28 25460 [Note]   - '::' resolves to '::';
2017-10-27 18:29:28 25460 [Note] Server socket created on IP: '::'.
2017-10-27 18:30:13 7848 [Note] Plugin 'FEDERATED' is disabled.
2017-10-27 18:30:13 7848 [Note] InnoDB: The InnoDB memory heap is disabled
2017-10-27 18:30:13 7848 [Note] InnoDB: Mutexes and rw_locks use Windows interlocked functions
2017-10-27 18:30:13 7848 [Note] InnoDB: Compressed tables use zlib 1.2.3
2017-10-27 18:30:13 7848 [Note] InnoDB: Not using CPU crc32 instructions
2017-10-27 18:30:13 7848 [Note] InnoDB: Initializing buffer pool, size = 128.0M
2017-10-27 18:30:13 7848 [Note] InnoDB: Completed initialization of buffer pool
2017-10-27 18:30:13 7848 [Note] InnoDB: Highest supported file format is Barracuda.
2017-10-27 18:30:13 7848 [Note] InnoDB: The log sequence numbers 1626134 and 1626134 in ibdata files do not match the log sequence number 1626646 in the ib_logfiles!
2017-10-27 18:30:13 7848 [Note] InnoDB: Database was not shutdown normally!
2017-10-27 18:30:13 7848 [Note] InnoDB: Starting crash recovery.
2017-10-27 18:30:13 7848 [Note] InnoDB: Reading tablespace information from the .ibd files...
2017-10-27 18:30:13 7848 [Note] InnoDB: Restoring possible half-written data pages 
2017-10-27 18:30:13 7848 [Note] InnoDB: from the doublewrite buffer...
2017-10-27 18:30:13 7848 [Note] InnoDB: 128 rollback segment(s) are active.
2017-10-27 18:30:13 7848 [Note] InnoDB: Waiting for purge to start
2017-10-27 18:30:13 7848 [Note] InnoDB: 5.6.13 started; log sequence number 1626646
2017-10-27 18:30:13 7848 [Note] Server hostname (bind-address): '*'; port: 3307
2017-10-27 18:30:13 7848 [Note] IPv6 is available.
2017-10-27 18:30:13 7848 [Note]   - '::' resolves to '::';
2017-10-27 18:30:13 7848 [Note] Server socket created on IP: '::'.
2017-10-31 10:42:38 24028 [Note] Plugin 'FEDERATED' is disabled.
2017-10-31 10:42:38 24028 [Note] InnoDB: The InnoDB memory heap is disabled
2017-10-31 10:42:38 24028 [Note] InnoDB: Mutexes and rw_locks use Windows interlocked functions
2017-10-31 10:42:38 24028 [Note] InnoDB: Compressed tables use zlib 1.2.3
2017-10-31 10:42:38 24028 [Note] InnoDB: Not using CPU crc32 instructions
2017-10-31 10:42:38 24028 [Note] InnoDB: Initializing buffer pool, size = 128.0M
2017-10-31 10:42:38 24028 [Note] InnoDB: Completed initialization of buffer pool
2017-10-31 10:42:38 24028 [Note] InnoDB: Highest supported file format is Barracuda.
2017-10-31 10:42:38 24028 [Note] InnoDB: The log sequence numbers 1626134 and 1626134 in ibdata files do not match the log sequence number 1626656 in the ib_logfiles!
2017-10-31 10:42:38 24028 [Note] InnoDB: Database was not shutdown normally!
2017-10-31 10:42:38 24028 [Note] InnoDB: Starting crash recovery.
2017-10-31 10:42:38 24028 [Note] InnoDB: Reading tablespace information from the .ibd files...
2017-10-31 10:42:38 24028 [Note] InnoDB: Restoring possible half-written data pages 
2017-10-31 10:42:38 24028 [Note] InnoDB: from the doublewrite buffer...
2017-10-31 10:42:38 24028 [Note] InnoDB: 128 rollback segment(s) are active.
2017-10-31 10:42:38 24028 [Note] InnoDB: Waiting for purge to start
2017-10-31 10:42:38 24028 [Note] InnoDB: 5.6.13 started; log sequence number 1626656
2017-10-31 10:42:38 24028 [Note] Server hostname (bind-address): '*'; port: 3307
2017-10-31 10:42:38 24028 [Note] IPv6 is available.
2017-10-31 10:42:38 24028 [Note]   - '::' resolves to '::';
2017-10-31 10:42:38 24028 [Note] Server socket created on IP: '::'.
2017-10-31 10:42:40 24028 [Note] Event Scheduler: Loaded 0 events
2017-10-31 10:42:40 24028 [Note] F:\OpenSource\UniSharper\UsbWebServer/mysql/bin/mysqld_usbwv8.exe: ready for connections.
Version: '5.6.13'  socket: ''  port: 3307  MySQL Community Server (GPL)
2017-10-31 14:13:45 16104 [Note] Plugin 'FEDERATED' is disabled.
2017-10-31 14:13:45 16104 [Note] InnoDB: The InnoDB memory heap is disabled
2017-10-31 14:13:45 16104 [Note] InnoDB: Mutexes and rw_locks use Windows interlocked functions
2017-10-31 14:13:45 16104 [Note] InnoDB: Compressed tables use zlib 1.2.3
2017-10-31 14:13:45 16104 [Note] InnoDB: Not using CPU crc32 instructions
2017-10-31 14:13:45 16104 [Note] InnoDB: Initializing buffer pool, size = 128.0M
2017-10-31 14:13:45 16104 [Note] InnoDB: Completed initialization of buffer pool
2017-10-31 14:13:45 16104 [Note] InnoDB: Highest supported file format is Barracuda.
2017-10-31 14:13:45 16104 [Note] InnoDB: The log sequence numbers 1626134 and 1626134 in ibdata files do not match the log sequence number 1626666 in the ib_logfiles!
2017-10-31 14:13:45 16104 [Note] InnoDB: Database was not shutdown normally!
2017-10-31 14:13:45 16104 [Note] InnoDB: Starting crash recovery.
2017-10-31 14:13:45 16104 [Note] InnoDB: Reading tablespace information from the .ibd files...
2017-10-31 14:13:45 16104 [Note] InnoDB: Restoring possible half-written data pages 
2017-10-31 14:13:45 16104 [Note] InnoDB: from the doublewrite buffer...
2017-10-31 14:13:45 16104 [Note] InnoDB: 128 rollback segment(s) are active.
2017-10-31 14:13:45 16104 [Note] InnoDB: Waiting for purge to start
2017-10-31 14:13:45 16104 [Note] InnoDB: 5.6.13 started; log sequence number 1626666
2017-10-31 14:13:45 16104 [Note] Server hostname (bind-address): '*'; port: 3307
2017-10-31 14:13:45 16104 [Note] IPv6 is available.
2017-10-31 14:13:45 16104 [Note]   - '::' resolves to '::';
2017-10-31 14:13:45 16104 [Note] Server socket created on IP: '::'.
2017-10-31 14:13:45 16104 [Note] Event Scheduler: Loaded 0 events
2017-10-31 14:13:45 16104 [Note] F:\OpenSource\UniSharper\UsbWebServer/mysql/bin/mysqld_usbwv8.exe: ready for connections.
Version: '5.6.13'  socket: ''  port: 3307  MySQL Community Server (GPL)
2017-10-31 15:24:54 23104 [Note] Plugin 'FEDERATED' is disabled.
2017-10-31 15:24:54 23104 [Note] InnoDB: The InnoDB memory heap is disabled
2017-10-31 15:24:54 23104 [Note] InnoDB: Mutexes and rw_locks use Windows interlocked functions
2017-10-31 15:24:54 23104 [Note] InnoDB: Compressed tables use zlib 1.2.3
2017-10-31 15:24:54 23104 [Note] InnoDB: Not using CPU crc32 instructions
2017-10-31 15:24:54 23104 [Note] InnoDB: Initializing buffer pool, size = 128.0M
2017-10-31 15:24:54 23104 [Note] InnoDB: Completed initialization of buffer pool
2017-10-31 15:24:54 23104 [Note] InnoDB: Highest supported file format is Barracuda.
2017-10-31 15:24:54 23104 [Note] InnoDB: The log sequence numbers 1626134 and 1626134 in ibdata files do not match the log sequence number 1626676 in the ib_logfiles!
2017-10-31 15:24:54 23104 [Note] InnoDB: Database was not shutdown normally!
2017-10-31 15:24:54 23104 [Note] InnoDB: Starting crash recovery.
2017-10-31 15:24:54 23104 [Note] InnoDB: Reading tablespace information from the .ibd files...
2017-10-31 15:24:54 23104 [Note] InnoDB: Restoring possible half-written data pages 
2017-10-31 15:24:54 23104 [Note] InnoDB: from the doublewrite buffer...
2017-10-31 15:24:54 23104 [Note] InnoDB: 128 rollback segment(s) are active.
2017-10-31 15:24:54 23104 [Note] InnoDB: Waiting for purge to start
2017-10-31 15:24:54 23104 [Note] InnoDB: 5.6.13 started; log sequence number 1626676
2017-10-31 15:24:54 23104 [Note] Server hostname (bind-address): '*'; port: 3307
2017-10-31 15:24:54 23104 [Note] IPv6 is available.
2017-10-31 15:24:54 23104 [Note]   - '::' resolves to '::';
2017-10-31 15:24:54 23104 [Note] Server socket created on IP: '::'.
2017-10-31 15:24:54 23104 [Note] Event Scheduler: Loaded 0 events
2017-10-31 15:24:54 23104 [Note] F:\OpenSource\UniSharper\UsbWebServer/mysql/bin/mysqld_usbwv8.exe: ready for connections.
Version: '5.6.13'  socket: ''  port: 3307  MySQL Community Server (GPL)
2017-10-31 16:11:20 21008 [Note] Plugin 'FEDERATED' is disabled.
2017-10-31 16:11:20 21008 [Note] InnoDB: The InnoDB memory heap is disabled
2017-10-31 16:11:20 21008 [Note] InnoDB: Mutexes and rw_locks use Windows interlocked functions
2017-10-31 16:11:20 21008 [Note] InnoDB: Compressed tables use zlib 1.2.3
2017-10-31 16:11:20 21008 [Note] InnoDB: Not using CPU crc32 instructions
2017-10-31 16:11:20 21008 [Note] InnoDB: Initializing buffer pool, size = 128.0M
2017-10-31 16:11:20 21008 [Note] InnoDB: Completed initialization of buffer pool
2017-10-31 16:11:20 21008 [Note] InnoDB: Highest supported file format is Barracuda.
2017-10-31 16:11:20 21008 [Note] InnoDB: The log sequence numbers 1626134 and 1626134 in ibdata files do not match the log sequence number 1626686 in the ib_logfiles!
2017-10-31 16:11:20 21008 [Note] InnoDB: Database was not shutdown normally!
2017-10-31 16:11:20 21008 [Note] InnoDB: Starting crash recovery.
2017-10-31 16:11:20 21008 [Note] InnoDB: Reading tablespace information from the .ibd files...
2017-10-31 16:11:20 21008 [Note] InnoDB: Restoring possible half-written data pages 
2017-10-31 16:11:20 21008 [Note] InnoDB: from the doublewrite buffer...
2017-10-31 16:11:20 21008 [Note] InnoDB: 128 rollback segment(s) are active.
2017-10-31 16:11:20 21008 [Note] InnoDB: Waiting for purge to start
2017-10-31 16:11:20 21008 [Note] InnoDB: 5.6.13 started; log sequence number 1626686
2017-10-31 16:11:20 21008 [Note] Server hostname (bind-address): '*'; port: 3307
2017-10-31 16:11:20 21008 [Note] IPv6 is available.
2017-10-31 16:11:20 21008 [Note]   - '::' resolves to '::';
2017-10-31 16:11:20 21008 [Note] Server socket created on IP: '::'.
2017-10-31 16:18:55 23252 [Note] Plugin 'FEDERATED' is disabled.
2017-10-31 16:18:55 23252 [Note] InnoDB: The InnoDB memory heap is disabled
2017-10-31 16:18:55 23252 [Note] InnoDB: Mutexes and rw_locks use Windows interlocked functions
2017-10-31 16:18:55 23252 [Note] InnoDB: Compressed tables use zlib 1.2.3
2017-10-31 16:18:55 23252 [Note] InnoDB: Not using CPU crc32 instructions
2017-10-31 16:18:55 23252 [Note] InnoDB: Initializing buffer pool, size = 128.0M
2017-10-31 16:18:55 23252 [Note] InnoDB: Completed initialization of buffer pool
2017-10-31 16:18:55 23252 [Note] InnoDB: Highest supported file format is Barracuda.
2017-10-31 16:18:55 23252 [Note] InnoDB: The log sequence numbers 1626134 and 1626134 in ibdata files do not match the log sequence number 1626696 in the ib_logfiles!
2017-10-31 16:18:55 23252 [Note] InnoDB: Database was not shutdown normally!
2017-10-31 16:18:55 23252 [Note] InnoDB: Starting crash recovery.
2017-10-31 16:18:55 23252 [Note] InnoDB: Reading tablespace information from the .ibd files...
2017-10-31 16:18:55 23252 [Note] InnoDB: Restoring possible half-written data pages 
2017-10-31 16:18:55 23252 [Note] InnoDB: from the doublewrite buffer...
2017-10-31 16:18:56 23252 [Note] InnoDB: 128 rollback segment(s) are active.
2017-10-31 16:18:56 23252 [Note] InnoDB: Waiting for purge to start
2017-10-31 16:18:56 23252 [Note] InnoDB: 5.6.13 started; log sequence number 1626696
2017-10-31 16:18:56 23252 [Note] Server hostname (bind-address): '*'; port: 3307
2017-10-31 16:18:56 23252 [Note] IPv6 is available.
2017-10-31 16:18:56 23252 [Note]   - '::' resolves to '::';
2017-10-31 16:18:56 23252 [Note] Server socket created on IP: '::'.
2017-10-31 16:21:40 26788 [Note] Plugin 'FEDERATED' is disabled.
2017-10-31 16:21:40 26788 [Note] InnoDB: The InnoDB memory heap is disabled
2017-10-31 16:21:40 26788 [Note] InnoDB: Mutexes and rw_locks use Windows interlocked functions
2017-10-31 16:21:40 26788 [Note] InnoDB: Compressed tables use zlib 1.2.3
2017-10-31 16:21:40 26788 [Note] InnoDB: Not using CPU crc32 instructions
2017-10-31 16:21:40 26788 [Note] InnoDB: Initializing buffer pool, size = 128.0M
2017-10-31 16:21:40 26788 [Note] InnoDB: Completed initialization of buffer pool
2017-10-31 16:21:40 26788 [Note] InnoDB: The first specified data file F:\OpenSource\UniSharper\UsbWebServer\mysql\data\ibdata1 did not exist: a new database to be created!
2017-10-31 16:21:40 26788 [Note] InnoDB: Setting file F:\OpenSource\UniSharper\UsbWebServer\mysql\data\ibdata1 size to 10 MB
2017-10-31 16:21:40 26788 [Note] InnoDB: Database physically writes the file full: wait...
2017-10-31 16:21:40 26788 [Note] InnoDB: Setting log file F:\OpenSource\UniSharper\UsbWebServer\mysql\data\ib_logfile101 size to 5 MB
2017-10-31 16:21:40 26788 [Note] InnoDB: Setting log file F:\OpenSource\UniSharper\UsbWebServer\mysql\data\ib_logfile1 size to 5 MB
2017-10-31 16:21:40 26788 [Note] InnoDB: Renaming log file F:\OpenSource\UniSharper\UsbWebServer\mysql\data\ib_logfile101 to F:\OpenSource\UniSharper\UsbWebServer\mysql\data\ib_logfile0
2017-10-31 16:21:40 26788 [Warning] InnoDB: New log files created, LSN=45781
2017-10-31 16:21:40 26788 [Note] InnoDB: Doublewrite buffer not found: creating new
2017-10-31 16:21:41 26788 [Note] InnoDB: Doublewrite buffer created
2017-10-31 16:21:41 26788 [Note] InnoDB: 128 rollback segment(s) are active.
2017-10-31 16:21:41 26788 [Warning] InnoDB: Creating foreign key constraint system tables.
2017-10-31 16:21:42 26788 [Note] InnoDB: Foreign key constraint system tables created
2017-10-31 16:21:42 26788 [Note] InnoDB: Creating tablespace and datafile system tables.
2017-10-31 16:21:42 26788 [Note] InnoDB: Tablespace and datafile system tables created.
2017-10-31 16:21:42 26788 [Note] InnoDB: Waiting for purge to start
2017-10-31 16:21:42 26788 [Note] InnoDB: 5.6.13 started; log sequence number 0
2017-10-31 16:21:42 26788 [Note] Server hostname (bind-address): '*'; port: 3307
2017-10-31 16:21:42 26788 [Note] IPv6 is available.
2017-10-31 16:21:42 26788 [Note]   - '::' resolves to '::';
2017-10-31 16:21:42 26788 [Note] Server socket created on IP: '::'.
2017-10-31 16:22:21 6652 [Note] Plugin 'FEDERATED' is disabled.
2017-10-31 16:22:21 6652 [Note] InnoDB: The InnoDB memory heap is disabled
2017-10-31 16:22:21 6652 [Note] InnoDB: Mutexes and rw_locks use Windows interlocked functions
2017-10-31 16:22:21 6652 [Note] InnoDB: Compressed tables use zlib 1.2.3
2017-10-31 16:22:21 6652 [Note] InnoDB: Not using CPU crc32 instructions
2017-10-31 16:22:21 6652 [Note] InnoDB: Initializing buffer pool, size = 128.0M
2017-10-31 16:22:21 6652 [Note] InnoDB: Completed initialization of buffer pool
2017-10-31 16:22:21 6652 [Note] InnoDB: Highest supported file format is Barracuda.
2017-10-31 16:22:21 6652 [Note] InnoDB: The log sequence numbers 0 and 0 in ibdata files do not match the log sequence number 1600614 in the ib_logfiles!
2017-10-31 16:22:21 6652 [Note] InnoDB: Database was not shutdown normally!
2017-10-31 16:22:21 6652 [Note] InnoDB: Starting crash recovery.
2017-10-31 16:22:21 6652 [Note] InnoDB: Reading tablespace information from the .ibd files...
2017-10-31 16:22:21 6652 [Note] InnoDB: Restoring possible half-written data pages 
2017-10-31 16:22:21 6652 [Note] InnoDB: from the doublewrite buffer...
2017-10-31 16:22:21 6652 [Note] InnoDB: 128 rollback segment(s) are active.
2017-10-31 16:22:21 6652 [Note] InnoDB: Waiting for purge to start
2017-10-31 16:22:22 6652 [Note] InnoDB: 5.6.13 started; log sequence number 1600614
2017-10-31 16:22:22 6652 [Note] Server hostname (bind-address): '*'; port: 3307
2017-10-31 16:22:22 6652 [Note] IPv6 is available.
2017-10-31 16:22:22 6652 [Note]   - '::' resolves to '::';
2017-10-31 16:22:22 6652 [Note] Server socket created on IP: '::'.
2017-10-31 16:22:22 6652 [ERROR] Can't open and lock privilege tables: File '.\mysql\servers.MYD' not found (Errcode: 2 - No such file or directory)
2017-10-31 16:22:22 6652 [Warning] InnoDB: Cannot open table mysql/slave_master_info from the internal data dictionary of InnoDB though the .frm file for the table exists. See http://dev.mysql.com/doc/refman/5.6/en/innodb-troubleshooting.html for how you can resolve the problem.
2017-10-31 16:22:22 6652 [Warning] Info table is not ready to be used. Table 'mysql.slave_master_info' cannot be opened.
2017-10-31 16:22:22 6652 [Warning] InnoDB: Cannot open table mysql/slave_worker_info from the internal data dictionary of InnoDB though the .frm file for the table exists. See http://dev.mysql.com/doc/refman/5.6/en/innodb-troubleshooting.html for how you can resolve the problem.
2017-10-31 16:22:22 6652 [Warning] InnoDB: Cannot open table mysql/slave_relay_log_info from the internal data dictionary of InnoDB though the .frm file for the table exists. See http://dev.mysql.com/doc/refman/5.6/en/innodb-troubleshooting.html for how you can resolve the problem.
2017-10-31 16:22:22 6652 [Warning] Info table is not ready to be used. Table 'mysql.slave_relay_log_info' cannot be opened.
2017-10-31 16:22:22 6652 [Note] Event Scheduler: Loaded 0 events
2017-10-31 16:22:22 6652 [Note] F:\OpenSource\UniSharper\UsbWebServer/mysql/bin/mysqld_usbwv8.exe: ready for connections.
Version: '5.6.13'  socket: ''  port: 3307  MySQL Community Server (GPL)
2017-11-01 15:06:09 13588 [Note] Plugin 'FEDERATED' is disabled.
2017-11-01 15:06:09 13588 [Note] InnoDB: The InnoDB memory heap is disabled
2017-11-01 15:06:09 13588 [Note] InnoDB: Mutexes and rw_locks use Windows interlocked functions
2017-11-01 15:06:09 13588 [Note] InnoDB: Compressed tables use zlib 1.2.3
2017-11-01 15:06:09 13588 [Note] InnoDB: Not using CPU crc32 instructions
2017-11-01 15:06:09 13588 [Note] InnoDB: Initializing buffer pool, size = 128.0M
2017-11-01 15:06:09 13588 [Note] InnoDB: Completed initialization of buffer pool
2017-11-01 15:06:09 13588 [Note] InnoDB: Highest supported file format is Barracuda.
2017-11-01 15:06:09 13588 [Note] InnoDB: The log sequence numbers 0 and 0 in ibdata files do not match the log sequence number 1600624 in the ib_logfiles!
2017-11-01 15:06:09 13588 [Note] InnoDB: Database was not shutdown normally!
2017-11-01 15:06:09 13588 [Note] InnoDB: Starting crash recovery.
2017-11-01 15:06:09 13588 [Note] InnoDB: Reading tablespace information from the .ibd files...
2017-11-01 15:06:09 13588 [Note] InnoDB: Restoring possible half-written data pages 
2017-11-01 15:06:09 13588 [Note] InnoDB: from the doublewrite buffer...
2017-11-01 15:06:10 13588 [Note] InnoDB: 128 rollback segment(s) are active.
2017-11-01 15:06:10 13588 [Note] InnoDB: Waiting for purge to start
2017-11-01 15:06:10 13588 [Note] InnoDB: 5.6.13 started; log sequence number 1600624
2017-11-01 15:06:10 13588 [Note] Server hostname (bind-address): '*'; port: 3307
2017-11-01 15:06:10 13588 [Note] IPv6 is available.
2017-11-01 15:06:10 13588 [Note]   - '::' resolves to '::';
2017-11-01 15:06:10 13588 [Note] Server socket created on IP: '::'.
2017-11-01 15:06:10 13588 [Warning] InnoDB: Cannot open table mysql/slave_master_info from the internal data dictionary of InnoDB though the .frm file for the table exists. See http://dev.mysql.com/doc/refman/5.6/en/innodb-troubleshooting.html for how you can resolve the problem.
2017-11-01 15:06:10 13588 [Warning] Info table is not ready to be used. Table 'mysql.slave_master_info' cannot be opened.
2017-11-01 15:06:10 13588 [Warning] InnoDB: Cannot open table mysql/slave_worker_info from the internal data dictionary of InnoDB though the .frm file for the table exists. See http://dev.mysql.com/doc/refman/5.6/en/innodb-troubleshooting.html for how you can resolve the problem.
2017-11-01 15:06:11 13588 [Warning] InnoDB: Cannot open table mysql/slave_relay_log_info from the internal data dictionary of InnoDB though the .frm file for the table exists. See http://dev.mysql.com/doc/refman/5.6/en/innodb-troubleshooting.html for how you can resolve the problem.
2017-11-01 15:06:11 13588 [Warning] Info table is not ready to be used. Table 'mysql.slave_relay_log_info' cannot be opened.
2017-11-01 15:06:11 13588 [Note] Event Scheduler: Loaded 0 events
2017-11-01 15:06:11 13588 [Note] F:\OpenSource\UniSharper\UsbWebServer/mysql/bin/mysqld_usbwv8.exe: ready for connections.
Version: '5.6.13'  socket: ''  port: 3307  MySQL Community Server (GPL)
2017-11-01 17:16:32 4820 [Note] Plugin 'FEDERATED' is disabled.
2017-11-01 17:16:32 4820 [Note] InnoDB: The InnoDB memory heap is disabled
2017-11-01 17:16:32 4820 [Note] InnoDB: Mutexes and rw_locks use Windows interlocked functions
2017-11-01 17:16:32 4820 [Note] InnoDB: Compressed tables use zlib 1.2.3
2017-11-01 17:16:32 4820 [Note] InnoDB: Not using CPU crc32 instructions
2017-11-01 17:16:32 4820 [Note] InnoDB: Initializing buffer pool, size = 128.0M
2017-11-01 17:16:32 4820 [Note] InnoDB: Completed initialization of buffer pool
2017-11-01 17:16:32 4820 [Note] InnoDB: Highest supported file format is Barracuda.
2017-11-01 17:16:32 4820 [Note] InnoDB: The log sequence numbers 0 and 0 in ibdata files do not match the log sequence number 1600634 in the ib_logfiles!
2017-11-01 17:16:32 4820 [Note] InnoDB: Database was not shutdown normally!
2017-11-01 17:16:32 4820 [Note] InnoDB: Starting crash recovery.
2017-11-01 17:16:32 4820 [Note] InnoDB: Reading tablespace information from the .ibd files...
2017-11-01 17:16:32 4820 [Note] InnoDB: Restoring possible half-written data pages 
2017-11-01 17:16:32 4820 [Note] InnoDB: from the doublewrite buffer...
2017-11-01 17:16:33 4820 [Note] InnoDB: 128 rollback segment(s) are active.
2017-11-01 17:16:33 4820 [Note] InnoDB: Waiting for purge to start
2017-11-01 17:16:33 4820 [Note] InnoDB: 5.6.13 started; log sequence number 1600634
2017-11-01 17:16:33 4820 [Note] Server hostname (bind-address): '*'; port: 3307
2017-11-01 17:16:33 4820 [Note] IPv6 is available.
2017-11-01 17:16:33 4820 [Note]   - '::' resolves to '::';
2017-11-01 17:16:33 4820 [Note] Server socket created on IP: '::'.
2017-12-06 16:09:40 12344 [Note] Plugin 'FEDERATED' is disabled.
2017-12-06 16:09:40 12344 [Note] InnoDB: The InnoDB memory heap is disabled
2017-12-06 16:09:40 12344 [Note] InnoDB: Mutexes and rw_locks use Windows interlocked functions
2017-12-06 16:09:40 12344 [Note] InnoDB: Compressed tables use zlib 1.2.3
2017-12-06 16:09:40 12344 [Note] InnoDB: Not using CPU crc32 instructions
2017-12-06 16:09:40 12344 [Note] InnoDB: Initializing buffer pool, size = 128.0M
2017-12-06 16:09:40 12344 [Note] InnoDB: Completed initialization of buffer pool
2017-12-06 16:09:40 12344 [Note] InnoDB: Highest supported file format is Barracuda.
2017-12-06 16:09:40 12344 [Note] InnoDB: The log sequence numbers 0 and 0 in ibdata files do not match the log sequence number 1600644 in the ib_logfiles!
2017-12-06 16:09:40 12344 [Note] InnoDB: Database was not shutdown normally!
2017-12-06 16:09:40 12344 [Note] InnoDB: Starting crash recovery.
2017-12-06 16:09:40 12344 [Note] InnoDB: Reading tablespace information from the .ibd files...
2017-12-06 16:09:41 12344 [Note] InnoDB: Restoring possible half-written data pages 
2017-12-06 16:09:41 12344 [Note] InnoDB: from the doublewrite buffer...
2017-12-06 16:09:41 12344 [Note] InnoDB: 128 rollback segment(s) are active.
2017-12-06 16:09:41 12344 [Note] InnoDB: Waiting for purge to start
2017-12-06 16:09:41 12344 [Note] InnoDB: 5.6.13 started; log sequence number 1600644
2017-12-06 16:09:41 12344 [Note] Server hostname (bind-address): '*'; port: 3307
2017-12-06 16:09:41 12344 [Note] IPv6 is available.
2017-12-06 16:09:41 12344 [Note]   - '::' resolves to '::';
2017-12-06 16:09:41 12344 [Note] Server socket created on IP: '::'.
