::1 - - [27/Oct/2017:18:30:27 +0800] "GET / HTTP/1.1" 200 78749
::1 - - [27/Oct/2017:18:30:27 +0800] "GET /style.css HTTP/1.1" 200 3041
::1 - - [27/Oct/2017:18:30:27 +0800] "GET /index.php?=PHPE9568F34-D428-11d2-A769-00AA001ACF42 HTTP/1.1" 200 2524
::1 - - [27/Oct/2017:18:30:27 +0800] "GET /images/header.png HTTP/1.1" 200 7766
::1 - - [27/Oct/2017:18:30:27 +0800] "GET /index.php?=PHPE9568F35-D428-11d2-A769-00AA001ACF42 HTTP/1.1" 200 2146
::1 - - [27/Oct/2017:18:30:27 +0800] "GET /images/background.jpg HTTP/1.1" 200 12386
::1 - - [27/Oct/2017:18:30:27 +0800] "GET /images/menuleft.jpg HTTP/1.1" 200 11236
::1 - - [27/Oct/2017:18:30:27 +0800] "GET /images/content.jpg HTTP/1.1" 200 11916
::1 - - [27/Oct/2017:18:30:27 +0800] "GET /images/topcontent.jpg HTTP/1.1" 200 11578
::1 - - [27/Oct/2017:18:30:27 +0800] "GET /images/menu.jpg HTTP/1.1" 200 11219
::1 - - [27/Oct/2017:18:30:27 +0800] "GET /images/menuright.jpg HTTP/1.1" 200 11239
::1 - - [27/Oct/2017:18:30:27 +0800] "GET /images/banner.jpg HTTP/1.1" 200 38149
::1 - - [27/Oct/2017:18:30:27 +0800] "GET /favicon.ico HTTP/1.1" 404 209
::1 - - [27/Oct/2017:18:30:54 +0800] "GET / HTTP/1.1" 200 78749
::1 - - [27/Oct/2017:18:30:54 +0800] "GET /index.php?=PHPE9568F34-D428-11d2-A769-00AA001ACF42 HTTP/1.1" 200 2524
::1 - - [27/Oct/2017:18:30:54 +0800] "GET /index.php?=PHPE9568F35-D428-11d2-A769-00AA001ACF42 HTTP/1.1" 200 2146
::1 - - [27/Oct/2017:18:30:57 +0800] "GET /favicon.ico HTTP/1.1" 404 209
::1 - - [27/Oct/2017:18:30:58 +0800] "GET /index.php HTTP/1.1" 200 78775
::1 - - [27/Oct/2017:18:30:58 +0800] "GET /index.php?=PHPE9568F34-D428-11d2-A769-00AA001ACF42 HTTP/1.1" 200 2524
::1 - - [27/Oct/2017:18:30:58 +0800] "GET /index.php?=PHPE9568F35-D428-11d2-A769-00AA001ACF42 HTTP/1.1" 200 2146
::1 - - [27/Oct/2017:18:31:32 +0800] "GET /test.php HTTP/1.1" 200 6
